<?xml version="1.0" encoding="UTF-8"?>
<!-- Generated by org.testng.reporters.JUnitReportReporter -->
<testsuite hostname="ClipsaCOMP" name="com.example.tests.ContactCreationTests" tests="6" failures="0" timestamp="23 Dec 2013 17:34:42 GMT" time="16.249" errors="0">
  <testcase name="testBdayContactCreation" time="2.862" classname="com.example.tests.ContactCreationTests"/>
  <testcase name="testDefoltContactCreation" time="0.728" classname="com.example.tests.ContactCreationTests"/>
  <testcase name="testEmptyContactCreation" time="2.734" classname="com.example.tests.ContactCreationTests"/>
  <testcase name="testBMonthContactCreation" time="3.791" classname="com.example.tests.ContactCreationTests"/>
  <testcase name="testRandomContactCreation" time="3.330" classname="com.example.tests.ContactCreationTests"/>
  <testcase name="testNoneGroupContactCreation" time="2.804" classname="com.example.tests.ContactCreationTests"/>
</testsuite> <!-- com.example.tests.ContactCreationTests -->
