<?xml version="1.0" encoding="UTF-8"?>
<!-- Generated by org.testng.reporters.JUnitReportReporter -->
<testsuite hostname="ws-msk-a2322" name="com.example.tests.GroupCreationTests" tests="3" failures="0" timestamp="16 Dec 2013 08:48:59 GMT" time="3.178" errors="0">
  <testcase name="testEmptyGroupCreation" time="0.729" classname="com.example.tests.GroupCreationTests"/>
  <testcase name="testNonEmptyGroupCreation" time="0.858" classname="com.example.tests.GroupCreationTests"/>
  <testcase name="testDefoltGroupCreation" time="1.591" classname="com.example.tests.GroupCreationTests"/>
</testsuite> <!-- com.example.tests.GroupCreationTests -->
