<?xml version="1.0" encoding="UTF-8"?>
<!-- Generated by org.testng.reporters.JUnitReportReporter -->
<testsuite hostname="ws-msk-a2322" name="com.example.tests.GroupRemovalTests" tests="1" failures="0" timestamp="24 Dec 2013 07:07:33 GMT" time="1.329" errors="0">
  <testcase name="deleteSomeGroup" time="1.329" classname="com.example.tests.GroupRemovalTests"/>
</testsuite> <!-- com.example.tests.GroupRemovalTests -->
