<?xml version="1.0" encoding="UTF-8"?>
<!-- Generated by org.testng.reporters.JUnitReportReporter -->
<testsuite hostname="ws-msk-a2322" name="com.example.tests.ContactCreationTests" tests="6" failures="0" timestamp="16 Dec 2013 07:24:58 GMT" time="8.294" errors="0">
  <testcase name="testNoneGroupContactCreation" time="1.587" classname="com.example.tests.ContactCreationTests"/>
  <testcase name="testBdayContactCreation" time="1.548" classname="com.example.tests.ContactCreationTests"/>
  <testcase name="testEmptyContactCreation" time="1.453" classname="com.example.tests.ContactCreationTests"/>
  <testcase name="testDefoltContactCreation" time="0.477" classname="com.example.tests.ContactCreationTests"/>
  <testcase name="testNonEmptyContactCreation" time="1.789" classname="com.example.tests.ContactCreationTests"/>
  <testcase name="testBMonthContactCreation" time="1.440" classname="com.example.tests.ContactCreationTests"/>
</testsuite> <!-- com.example.tests.ContactCreationTests -->
