<?xml version="1.0" encoding="UTF-8"?>
<!-- Generated by org.testng.reporters.JUnitReportReporter -->
<testsuite hostname="ws-msk-a2322" name="com.example.tests.GroupCreationTests" tests="2" failures="0" timestamp="16 Dec 2013 07:24:58 GMT" time="2.113" errors="0">
  <testcase name="testEmptyGroupCreation" time="1.304" classname="com.example.tests.GroupCreationTests"/>
  <testcase name="testNonEmptyGroupCreation" time="0.809" classname="com.example.tests.GroupCreationTests"/>
</testsuite> <!-- com.example.tests.GroupCreationTests -->
