<?xml version="1.0" encoding="UTF-8"?>
<!-- Generated by org.testng.reporters.JUnitReportReporter -->
<testsuite hostname="ClipsaCOMP" name="com.example.tests.TestDropDown" tests="1" failures="0" timestamp="16 Dec 2013 18:43:54 GMT" time="1.636" errors="0">
  <testcase name="testDropDownContactGroup" time="1.636" classname="com.example.tests.TestDropDown"/>
</testsuite> <!-- com.example.tests.TestDropDown -->
