<?xml version="1.0" encoding="UTF-8"?>
<!-- Generated by org.testng.reporters.JUnitReportReporter -->
<testsuite hostname="ClipsaCOMP" name="com.example.tests.ContactCreationTests" tests="2" failures="0" timestamp="14 Dec 2013 17:05:00 GMT" time="6.782" errors="0">
  <testcase name="testEmptyContactCreation" time="1.701" classname="com.example.tests.ContactCreationTests"/>
  <testcase name="testNonEmptyContactCreation" time="5.081" classname="com.example.tests.ContactCreationTests"/>
</testsuite> <!-- com.example.tests.ContactCreationTests -->
