<?xml version="1.0" encoding="UTF-8"?>
<!-- Generated by org.testng.reporters.JUnitReportReporter -->
<testsuite hostname="ClipsaCOMP" name="com.example.tests.GroupCreationTests" tests="2" failures="0" timestamp="14 Dec 2013 16:54:33 GMT" time="3.689" errors="0">
  <testcase name="testNonEmptyGroupCreation" time="2.088" classname="com.example.tests.GroupCreationTests"/>
  <testcase name="testEmptyGroupCreation" time="1.601" classname="com.example.tests.GroupCreationTests"/>
</testsuite> <!-- com.example.tests.GroupCreationTests -->
