<?xml version="1.0" encoding="UTF-8"?>
<!-- Generated by org.testng.reporters.JUnitReportReporter -->
<testsuite hostname="ws-msk-a2322" name="com.example.tests.GroupCreationTests" tests="3" failures="0" timestamp="24 Dec 2013 06:30:49 GMT" time="3.912" errors="0">
  <testcase name="testEmptyGroupCreation" time="0.776" classname="com.example.tests.GroupCreationTests"/>
  <testcase name="testNonEmptyGroupCreation" time="1.677" classname="com.example.tests.GroupCreationTests"/>
  <testcase name="testDefoltGroupCreation" time="1.459" classname="com.example.tests.GroupCreationTests"/>
</testsuite> <!-- com.example.tests.GroupCreationTests -->
