<?xml version="1.0" encoding="UTF-8"?>
<!-- Generated by org.testng.reporters.JUnitReportReporter -->
<testsuite hostname="ws-msk-a2322" name="com.example.tests.GroupCreationTests" tests="3" failures="0" timestamp="17 Dec 2013 14:48:41 GMT" time="2.960" errors="0">
  <testcase name="testEmptyGroupCreation" time="0.761" classname="com.example.tests.GroupCreationTests"/>
  <testcase name="testDefoltGroupCreation" time="1.334" classname="com.example.tests.GroupCreationTests"/>
  <testcase name="testRandomGroupCreation" time="0.865" classname="com.example.tests.GroupCreationTests"/>
</testsuite> <!-- com.example.tests.GroupCreationTests -->
