<?xml version="1.0" encoding="UTF-8"?>
<!-- Generated by org.testng.reporters.JUnitReportReporter -->
<testsuite hostname="ClipsaCOMP" name="com.example.tests.TestNN" tests="1" failures="0" timestamp="16 Dec 2013 19:19:29 GMT" time="7.666" errors="0">
  <testcase name="testRandomContactCreation" time="7.666" classname="com.example.tests.TestNN"/>
</testsuite> <!-- com.example.tests.TestNN -->
