<?xml version="1.0" encoding="UTF-8"?>
<!-- Generated by org.testng.reporters.JUnitReportReporter -->
<testsuite hostname="ClipsaCOMP" name="com.example.tests.GroupCreationTests" tests="3" failures="0" timestamp="23 Dec 2013 17:34:04 GMT" time="6.525" errors="0">
  <testcase name="testEmptyGroupCreation" time="2.514" classname="com.example.tests.GroupCreationTests"/>
  <testcase name="testNonEmptyGroupCreation" time="2.548" classname="com.example.tests.GroupCreationTests"/>
  <testcase name="testDefoltGroupCreation" time="1.463" classname="com.example.tests.GroupCreationTests"/>
</testsuite> <!-- com.example.tests.GroupCreationTests -->
