<?xml version="1.0" encoding="UTF-8"?>
<!-- Generated by org.testng.reporters.JUnitReportReporter -->
<testsuite hostname="ws-msk-a2322" name="com.example.tests.ContactCreationTests" tests="3" failures="0" timestamp="17 Dec 2013 14:48:41 GMT" time="6.814" errors="0">
  <testcase name="testEmptyContactCreation" time="1.728" classname="com.example.tests.ContactCreationTests"/>
  <testcase name="testDefoltContactCreation" time="0.493" classname="com.example.tests.ContactCreationTests"/>
  <testcase name="testRandomContactCreation" time="4.593" classname="com.example.tests.ContactCreationTests"/>
</testsuite> <!-- com.example.tests.ContactCreationTests -->
