<?xml version="1.0" encoding="UTF-8"?>
<!-- Generated by org.testng.reporters.JUnitReportReporter -->
<testsuite hostname="ws-msk-a2322" name="com.example.tests.TestNN" tests="1" failures="0" timestamp="17 Dec 2013 14:27:59 GMT" time="2.707" errors="0">
  <testcase name="testRandomContactCreation" time="2.707" classname="com.example.tests.TestNN"/>
</testsuite> <!-- com.example.tests.TestNN -->
